yarn run v1.22.22
$ yarn build && electron .
$ react-scripts build
Creating an optimized production build...
Browserslist: browsers data (caniuse-lite) is 6 months old. Please run:
  npx update-browserslist-db@latest
  Why you should do it regularly: https://github.com/browserslist/update-db#readme
Browserslist: browsers data (caniuse-lite) is 6 months old. Please run:
  npx update-browserslist-db@latest
  Why you should do it regularly: https://github.com/browserslist/update-db#readme
Compiled successfully.

File sizes after gzip:

  60.07 kB  build/static/js/main.7cc2d45e.js
  3.51 kB   build/static/css/main.aac6c111.css

The project was built assuming it is hosted at /.
You can control this with the homepage field in your package.json.

The build folder is ready to be deployed.
You may serve it with a static server:

  yarn global add serve
  serve -s build

Find out more about deployment here:

  https://cra.link/deployment

[0616/031554.039767:FATAL:electron/shell/app/electron_main_delegate.cc:288] Running as root without --no-sandbox is not supported. See https://crbug.com/638180.
/app/frontend/node_modules/electron/dist/electron exited with signal SIGTRAP
error Command failed with exit code 1.
info Visit https://yarnpkg.com/en/docs/cli/run for documentation about this command.
